<?xml version="1.0" encoding="UTF-8"?>
<!-- Generated by org.testng.reporters.JUnitReportReporter -->
<testsuite hostname="DESKTOP-6B3GB9B" name="COM.EXCEL.ReadExcel1" tests="1" failures="0" timestamp="16 Sep 2018 06:28:42 GMT" time="1.067" errors="0">
  <testcase name="excel" time="1.067" classname="COM.EXCEL.ReadExcel1"/>
</testsuite> <!-- COM.EXCEL.ReadExcel1 -->
