<?xml version="1.0" encoding="UTF-8"?>
<!-- Generated by org.testng.reporters.JUnitReportReporter -->
<testsuite hostname="DESKTOP-6B3GB9B" name="COM.EXCEL.ReadExcel" tests="1" failures="0" timestamp="16 Sep 2018 06:09:54 GMT" time="1.016" errors="0">
  <testcase name="excel" time="1.016" classname="COM.EXCEL.ReadExcel"/>
</testsuite> <!-- COM.EXCEL.ReadExcel -->
