<?xml version="1.0" encoding="UTF-8"?>
<!-- Generated by org.testng.reporters.JUnitReportReporter -->
<testsuite hostname="DESKTOP-6B3GB9B" name="COM.EXCEL.base_testcase" tests="1" failures="0" timestamp="17 Sep 2018 07:15:18 GMT" time="87.057" errors="0">
  <testcase name="ActitimeApp" time="87.057" classname="COM.EXCEL.base_testcase"/>
</testsuite> <!-- COM.EXCEL.base_testcase -->
