<?xml version="1.0" encoding="UTF-8"?>
<!-- Generated by org.testng.reporters.JUnitReportReporter -->
<testsuite hostname="DESKTOP-6B3GB9B" name="COM.EXCEL.Excel_handel" tests="1" failures="0" timestamp="16 Sep 2018 06:03:15 GMT" time="1.844" errors="0">
  <testcase name="excel" time="1.844" classname="COM.EXCEL.Excel_handel"/>
</testsuite> <!-- COM.EXCEL.Excel_handel -->
